#
# There is insufficient memory for the Java Runtime Environment to continue.
# Native memory allocation (mmap) failed to map 266338304 bytes. Error detail: G1 virtual space
# Possible reasons:
#   The system is out of physical RAM or swap space
#   This process is running with CompressedOops enabled, and the Java Heap may be blocking the growth of the native heap
# Possible solutions:
#   Reduce memory load on the system
#   Increase physical memory or swap space
#   Check if swap backing store is full
#   Decrease Java heap size (-Xmx/-Xms)
#   Decrease number of Java threads
#   Decrease Java thread stack sizes (-Xss)
#   Set larger code cache with -XX:ReservedCodeCacheSize=
#   JVM is running with Zero Based Compressed Oops mode in which the Java heap is
#     placed in the first 32GB address space. The Java Heap base address is the
#     maximum limit for the native heap growth. Please use -XX:HeapBaseMinAddress
#     to set the Java Heap base and to place the Java Heap above 32GB virtual address.
# This output file may be truncated or incomplete.
#
#  Out of Memory Error (os_windows.cpp:3603), pid=10172, tid=8064
#
# JRE version:  (21.0.3+9) (build )
# Java VM: OpenJDK 64-Bit Server VM (21.0.3+9-LTS, mixed mode, sharing, tiered, compressed oops, compressed class ptrs, g1 gc, windows-amd64)
# No core dump will be written. Minidumps are not enabled by default on client versions of Windows
#

---------------  S U M M A R Y ------------

Command Line: -Dfile.encoding=UTF-8 -Dsun.stdout.encoding=UTF-8 -Dsun.stderr.encoding=UTF-8 C:\Users\grish\Projects\G-2D\build\libs\G-2D-1.0.jar

Host: Intel(R) Core(TM) i7-6500U CPU @ 2.50GHz, 4 cores, 15G,  Windows 10 , 64 bit Build 19041 (10.0.19041.5678)
Time: Tue May  6 15:54:10 2025 GMT Summer Time elapsed time: 0.028193 seconds (0d 0h 0m 0s)

---------------  T H R E A D  ---------------

Current thread (0x000001ed1450c0b0):  JavaThread "Unknown thread" [_thread_in_vm, id=8064, stack(0x000000194da00000,0x000000194db00000) (1024K)]

Stack: [0x000000194da00000,0x000000194db00000]
Native frames: (J=compiled Java code, j=interpreted, Vv=VM code, C=native code)
V  [jvm.dll+0x6c8699]
V  [jvm.dll+0x8a2061]
V  [jvm.dll+0x8a458e]
V  [jvm.dll+0x8a4c63]
V  [jvm.dll+0x27e476]
V  [jvm.dll+0x6c4e15]
V  [jvm.dll+0x6b9b0a]
V  [jvm.dll+0x3523ba]
V  [jvm.dll+0x359f66]
V  [jvm.dll+0x3ab1be]
V  [jvm.dll+0x3ab468]
V  [jvm.dll+0x3265fc]
V  [jvm.dll+0x32715b]
V  [jvm.dll+0x86b0b9]
V  [jvm.dll+0x3b81c1]
V  [jvm.dll+0x854318]
V  [jvm.dll+0x44c55e]
V  [jvm.dll+0x44e081]
C  [jli.dll+0x5278]
C  [ucrtbase.dll+0x21bb2]
C  [KERNEL32.DLL+0x17374]
C  [ntdll.dll+0x4cc91]


---------------  P R O C E S S  ---------------

Threads class SMR info:
_java_thread_list=0x00007ffc5443e048, length=0, elements={
}

Java Threads: ( => current thread )
Total: 0

Other Threads:
  0x000001ed166d0870 WorkerThread "GC Thread#0"                     [id=12324, stack(0x000000194db00000,0x000000194dc00000) (1024K)]
  0x000001ed166e15d0 ConcurrentGCThread "G1 Main Marker"            [id=20512, stack(0x000000194dc00000,0x000000194dd00000) (1024K)]
  0x000001ed166e2280 WorkerThread "G1 Conc#0"                       [id=8844, stack(0x000000194dd00000,0x000000194de00000) (1024K)]

[error occurred during error reporting (printing all threads), id 0xc0000005, EXCEPTION_ACCESS_VIOLATION (0xc0000005) at pc=0x00007ffc53b48f27]
VM state: not at safepoint (not fully initialized)

VM Mutex/Monitor currently owned by a thread:  ([mutex/lock_event])
[0x00007ffc544b2228] Heap_lock - owner thread: 0x000001ed1450c0b0

Heap address: 0x0000000702800000, size: 4056 MB, Compressed Oops mode: Zero based, Oop shift amount: 3

CDS archive(s) mapped at: [0x0000000000000000-0x0000000000000000-0x0000000000000000), size 0, SharedBaseAddress: 0x0000000800000000, ArchiveRelocationMode: 1.
Narrow klass base: 0x0000000000000000, Narrow klass shift: 0, Narrow klass range: 0x0

GC Precious Log:
 CardTable entry size: 512
 Card Set container configuration: InlinePtr #cards 4 size 8 Array Of Cards #cards 16 size 48 Howl #buckets 8 coarsen threshold 3686 Howl Bitmap #cards 512 size 80 coarsen threshold 460 Card regions per heap region 1 cards per card region 4096

Heap:
 garbage-first heap   total 0K, used 0K [0x0000000702800000, 0x0000000800000000)
  region size 2048K, 0 young (0K), 0 survivors (0K)

[error occurred during error reporting (printing heap information), id 0xc0000005, EXCEPTION_ACCESS_VIOLATION (0xc0000005) at pc=0x00007ffc53f32069]
GC Heap History (0 events):
No events

Dll operation events (1 events):
Event: 0.016 Loaded shared library C:\Program Files\Eclipse Adoptium\jdk-21.0.3.9-hotspot\bin\java.dll

Deoptimization events (0 events):
No events

Classes loaded (0 events):
No events

Classes unloaded (0 events):
No events

Classes redefined (0 events):
No events

Internal exceptions (0 events):
No events

ZGC Phase Switch (0 events):
No events

VM Operations (0 events):
No events

Events (0 events):
No events


Dynamic libraries:
0x00007ff646b00000 - 0x00007ff646b0e000 	C:\Program Files\Eclipse Adoptium\jdk-21.0.3.9-hotspot\bin\java.exe
0x00007ffc98030000 - 0x00007ffc98228000 	C:\WINDOWS\SYSTEM32\ntdll.dll
0x00007ffc97500000 - 0x00007ffc975c2000 	C:\WINDOWS\System32\KERNEL32.DLL
0x00007ffc956e0000 - 0x00007ffc959d6000 	C:\WINDOWS\System32\KERNELBASE.dll
0x00007ffc95dd0000 - 0x00007ffc95ed0000 	C:\WINDOWS\System32\ucrtbase.dll
0x00007ffc73cd0000 - 0x00007ffc73ce8000 	C:\Program Files\Eclipse Adoptium\jdk-21.0.3.9-hotspot\bin\jli.dll
0x00007ffc962c0000 - 0x00007ffc9645d000 	C:\WINDOWS\System32\USER32.dll
0x00007ffc95ff0000 - 0x00007ffc96012000 	C:\WINDOWS\System32\win32u.dll
0x00007ffc73cb0000 - 0x00007ffc73ccb000 	C:\Program Files\Eclipse Adoptium\jdk-21.0.3.9-hotspot\bin\VCRUNTIME140.dll
0x00007ffc82480000 - 0x00007ffc8271a000 	C:\WINDOWS\WinSxS\amd64_microsoft.windows.common-controls_6595b64144ccf1df_6.0.19041.4355_none_60b8b9eb71f62e16\COMCTL32.dll
0x00007ffc969c0000 - 0x00007ffc96a5e000 	C:\WINDOWS\System32\msvcrt.dll
0x00007ffc968b0000 - 0x00007ffc968db000 	C:\WINDOWS\System32\GDI32.dll
0x00007ffc95ed0000 - 0x00007ffc95fea000 	C:\WINDOWS\System32\gdi32full.dll
0x00007ffc95a10000 - 0x00007ffc95aad000 	C:\WINDOWS\System32\msvcp_win.dll
0x00007ffc965b0000 - 0x00007ffc965df000 	C:\WINDOWS\System32\IMM32.DLL
0x00007ffc822c0000 - 0x00007ffc822cc000 	C:\Program Files\Eclipse Adoptium\jdk-21.0.3.9-hotspot\bin\vcruntime140_1.dll
0x00007ffc60210000 - 0x00007ffc6029e000 	C:\Program Files\Eclipse Adoptium\jdk-21.0.3.9-hotspot\bin\msvcp140.dll
0x00007ffc53810000 - 0x00007ffc54592000 	C:\Program Files\Eclipse Adoptium\jdk-21.0.3.9-hotspot\bin\server\jvm.dll
0x00007ffc97260000 - 0x00007ffc9730f000 	C:\WINDOWS\System32\ADVAPI32.dll
0x00007ffc97460000 - 0x00007ffc974ff000 	C:\WINDOWS\System32\sechost.dll
0x00007ffc965e0000 - 0x00007ffc96703000 	C:\WINDOWS\System32\RPCRT4.dll
0x00007ffc959e0000 - 0x00007ffc95a07000 	C:\WINDOWS\System32\bcrypt.dll
0x00007ffc97310000 - 0x00007ffc9737b000 	C:\WINDOWS\System32\WS2_32.dll
0x00007ffc94be0000 - 0x00007ffc94c2b000 	C:\WINDOWS\SYSTEM32\POWRPROF.dll
0x00007ffc80650000 - 0x00007ffc80677000 	C:\WINDOWS\SYSTEM32\WINMM.dll
0x00007ffc8c630000 - 0x00007ffc8c63a000 	C:\WINDOWS\SYSTEM32\VERSION.dll
0x00007ffc94a50000 - 0x00007ffc94a62000 	C:\WINDOWS\SYSTEM32\UMPDC.dll
0x00007ffc93e70000 - 0x00007ffc93e82000 	C:\WINDOWS\SYSTEM32\kernel.appcore.dll
0x00007ffc82290000 - 0x00007ffc8229a000 	C:\Program Files\Eclipse Adoptium\jdk-21.0.3.9-hotspot\bin\jimage.dll
0x00007ffc933c0000 - 0x00007ffc935a4000 	C:\WINDOWS\SYSTEM32\DBGHELP.DLL
0x00007ffc71730000 - 0x00007ffc71764000 	C:\WINDOWS\SYSTEM32\dbgcore.DLL
0x00007ffc95be0000 - 0x00007ffc95c62000 	C:\WINDOWS\System32\bcryptPrimitives.dll
0x00007ffc6a3a0000 - 0x00007ffc6a3bf000 	C:\Program Files\Eclipse Adoptium\jdk-21.0.3.9-hotspot\bin\java.dll

dbghelp: loaded successfully - version: 4.0.5 - missing functions: none
symbol engine: initialized successfully - sym options: 0x614 - pdb path: .;C:\Program Files\Eclipse Adoptium\jdk-21.0.3.9-hotspot\bin;C:\WINDOWS\SYSTEM32;C:\WINDOWS\WinSxS\amd64_microsoft.windows.common-controls_6595b64144ccf1df_6.0.19041.4355_none_60b8b9eb71f62e16;C:\Program Files\Eclipse Adoptium\jdk-21.0.3.9-hotspot\bin\server

VM Arguments:
jvm_args: -Dfile.encoding=UTF-8 -Dsun.stdout.encoding=UTF-8 -Dsun.stderr.encoding=UTF-8 
java_command: C:\Users\grish\Projects\G-2D\build\libs\G-2D-1.0.jar
java_class_path (initial): C:\Users\grish\Projects\G-2D\build\libs\G-2D-1.0.jar
Launcher Type: SUN_STANDARD

[Global flags]
     intx CICompilerCount                          = 3                                         {product} {ergonomic}
     uint ConcGCThreads                            = 1                                         {product} {ergonomic}
     uint G1ConcRefinementThreads                  = 4                                         {product} {ergonomic}
   size_t G1HeapRegionSize                         = 2097152                                   {product} {ergonomic}
    uintx GCDrainStackTargetSize                   = 64                                        {product} {ergonomic}
   size_t InitialHeapSize                          = 266338304                                 {product} {ergonomic}
   size_t MarkStackSize                            = 4194304                                   {product} {ergonomic}
   size_t MaxHeapSize                              = 4253024256                                {product} {ergonomic}
   size_t MinHeapDeltaBytes                        = 2097152                                   {product} {ergonomic}
   size_t MinHeapSize                              = 8388608                                   {product} {ergonomic}
    uintx NonNMethodCodeHeapSize                   = 5832780                                {pd product} {ergonomic}
    uintx NonProfiledCodeHeapSize                  = 122912730                              {pd product} {ergonomic}
    uintx ProfiledCodeHeapSize                     = 122912730                              {pd product} {ergonomic}
    uintx ReservedCodeCacheSize                    = 251658240                              {pd product} {ergonomic}
     bool SegmentedCodeCache                       = true                                      {product} {ergonomic}
   size_t SoftMaxHeapSize                          = 4253024256                             {manageable} {ergonomic}
     bool UseCompressedOops                        = true                           {product lp64_product} {ergonomic}
     bool UseG1GC                                  = true                                      {product} {ergonomic}
     bool UseLargePagesIndividualAllocation        = false                                  {pd product} {ergonomic}

Logging:
Log output configuration:
 #0: stdout all=warning uptime,level,tags foldmultilines=false
 #1: stderr all=off uptime,level,tags foldmultilines=false

Environment Variables:
JAVA_HOME=C:\Program Files\Eclipse Adoptium\jdk-21.0.3.9-hotspot\
PATH=C:\Program Files (x86)\VMware\VMware Player\bin\;C:\Program Files (x86)\NVIDIA Corporation\PhysX\Common;C:\Program Files\Eclipse Adoptium\jdk-21.0.3.9-hotspot\bin;C:\Program Files\Common Files\Oracle\Java\javapath;C:\Program Files (x86)\Common Files\Oracle\Java\java8path;C:\Program Files (x86)\Common Files\Oracle\Java\javapath;C:\WINDOWS\system32;C:\WINDOWS;C:\WINDOWS\System32\Wbem;C:\WINDOWS\System32\WindowsPowerShell\v1.0\;C:\WINDOWS\System32\OpenSSH\;C:\Program Files (x86)\Intel\Intel(R) Management Engine Components\DAL;C:\Program Files\Intel\Intel(R) Management Engine Components\DAL;C:\Program Files\nodejs\;C:\ProgramData\chocolatey\bin;C:\Program Files\Go\bin;C:\Program Files\dotnet\;C:\Program Files\CMake\bin;C:\Program Files\PowerShell\7\;C:\Program Files (x86)\Windows Kits\10\Windows Performance Toolkit\;C:\Users\grish\AppData\Local\Programs\Python\Python312\Scripts\;C:\Users\grish\AppData\Local\Programs\Python\Python312\;C:\Users\grish\AppData\Local\Programs\Python\Launcher\;C:\MinGW\bin;C:\Users\grish\Projects\;C:\Users\grish\window.bat;C:\Users\grish\Projects\ps script\repeat.ps1;C:\Users\grish\AppData\Local\Programs\Microsoft VS Code\bin;C:\Users\grish\window.bat;C:\Users\grish\AppData\Local\Programs\Git\cmd;C:\Users\grish\.deno\bin;C:\Users\grish\AppData\Local\Programs\Git LFS
USERNAME=grish
OS=Windows_NT
PROCESSOR_IDENTIFIER=Intel64 Family 6 Model 78 Stepping 3, GenuineIntel
TMP=C:\Users\grish\AppData\Local\Temp
TEMP=C:\Users\grish\AppData\Local\Temp




Periodic native trim disabled

---------------  S Y S T E M  ---------------

OS:
 Windows 10 , 64 bit Build 19041 (10.0.19041.5678)
OS uptime: 10 days 6:16 hours
Hyper-V role detected

CPU: total 4 (initial active 4) (2 cores per cpu, 2 threads per core) family 6 model 78 stepping 3 microcode 0xd6, cx8, cmov, fxsr, ht, mmx, 3dnowpref, sse, sse2, sse3, ssse3, sse4.1, sse4.2, popcnt, lzcnt, tsc, tscinvbit, avx, avx2, aes, erms, clmul, bmi1, bmi2, adx, fma, vzeroupper, clflush, clflushopt, hv, rdtscp, f16c
Processor Information for all 4 processors :
  Max Mhz: 2592, Current Mhz: 797, Mhz Limit: 777

Memory: 4k page, system-wide physical 16217M (1494M free)
TotalPageFile size 16217M (AvailPageFile size 117M)
current process WorkingSet (physical memory assigned to process): 11M, peak: 11M
current process commit charge ("private bytes"): 52M, peak: 305M

vm_info: OpenJDK 64-Bit Server VM (21.0.3+9-LTS) for windows-amd64 JRE (21.0.3+9-LTS), built on 2024-04-16T00:00:00Z by "admin" with MS VC++ 17.7 (VS2022)

END.
